mode: set
primerProjecto/internal/adapters/cotizadores/cotizadores.go:21.51,23.13 2 0
primerProjecto/internal/adapters/cotizadores/cotizadores.go:23.13,25.3 1 0
primerProjecto/internal/adapters/cotizadores/cotizadores.go:26.2,26.23 1 0
primerProjecto/internal/adapters/cotizadores/criptoYa_Cotizador.go:33.113,42.16 5 0
primerProjecto/internal/adapters/cotizadores/criptoYa_Cotizador.go:42.16,44.3 1 0
primerProjecto/internal/adapters/cotizadores/criptoYa_Cotizador.go:45.2,47.38 2 0
primerProjecto/internal/adapters/cotizadores/criptoYa_Cotizador.go:47.38,49.3 1 0
primerProjecto/internal/adapters/cotizadores/criptoYa_Cotizador.go:51.2,52.72 2 0
primerProjecto/internal/adapters/cotizadores/criptoYa_Cotizador.go:52.72,54.3 1 0
primerProjecto/internal/adapters/cotizadores/criptoYa_Cotizador.go:57.2,75.24 3 0
primerProjecto/internal/adapters/cotizadores/paprika_Cotizador.go:20.116,25.16 4 0
primerProjecto/internal/adapters/cotizadores/paprika_Cotizador.go:25.16,27.3 1 0
primerProjecto/internal/adapters/cotizadores/paprika_Cotizador.go:28.2,30.38 2 0
primerProjecto/internal/adapters/cotizadores/paprika_Cotizador.go:30.38,32.3 1 0
primerProjecto/internal/adapters/cotizadores/paprika_Cotizador.go:34.2,38.66 2 0
primerProjecto/internal/adapters/cotizadores/paprika_Cotizador.go:38.66,40.3 1 0
primerProjecto/internal/adapters/cotizadores/paprika_Cotizador.go:42.2,43.29 2 0
primerProjecto/internal/adapters/cotizadores/paprika_Cotizador.go:43.29,44.26 1 0
primerProjecto/internal/adapters/cotizadores/paprika_Cotizador.go:44.26,46.9 2 0
primerProjecto/internal/adapters/cotizadores/paprika_Cotizador.go:50.2,50.18 1 0
primerProjecto/internal/adapters/cotizadores/paprika_Cotizador.go:50.18,52.3 1 0
primerProjecto/internal/adapters/cotizadores/paprika_Cotizador.go:55.2,57.16 3 0
primerProjecto/internal/adapters/cotizadores/paprika_Cotizador.go:57.16,59.3 1 0
primerProjecto/internal/adapters/cotizadores/paprika_Cotizador.go:60.2,62.38 2 0
primerProjecto/internal/adapters/cotizadores/paprika_Cotizador.go:62.38,64.3 1 0
primerProjecto/internal/adapters/cotizadores/paprika_Cotizador.go:66.2,67.67 2 0
primerProjecto/internal/adapters/cotizadores/paprika_Cotizador.go:67.67,69.3 1 0
primerProjecto/internal/adapters/cotizadores/paprika_Cotizador.go:71.2,72.9 2 0
primerProjecto/internal/adapters/cotizadores/paprika_Cotizador.go:72.9,74.3 1 0
primerProjecto/internal/adapters/cotizadores/paprika_Cotizador.go:87.2,92.24 2 0
primerProjecto/internal/adapters/repositories/mock/criptoMonedasRepository.go:31.77,35.2 3 0
primerProjecto/internal/adapters/repositories/mock/criptoMonedasRepository.go:38.75,40.2 1 0
primerProjecto/internal/adapters/repositories/mock/criptoMonedasRepository.go:43.145,49.2 5 0
primerProjecto/internal/adapters/repositories/mock/criptoMonedasRepository.go:52.112,55.2 2 0
primerProjecto/internal/adapters/repositories/mock/criptoMonedasRepository.go:58.67,63.2 4 0
primerProjecto/internal/adapters/repositories/mock/criptoMonedasRepository.go:66.87,69.2 2 0
primerProjecto/internal/adapters/repositories/mock/criptoMonedasRepository.go:72.98,77.2 4 0
primerProjecto/internal/adapters/repositories/mock/criptoMonedasRepository.go:80.97,83.2 2 0
primerProjecto/internal/adapters/repositories/mock/criptoMonedasRepository.go:86.148,93.2 6 0
primerProjecto/internal/adapters/repositories/mock/criptoMonedasRepository.go:96.86,99.2 2 0
primerProjecto/internal/adapters/repositories/mock/criptoMonedasRepository.go:102.170,109.2 6 0
primerProjecto/internal/adapters/repositories/mock/criptoMonedasRepository.go:112.104,115.2 2 0
primerProjecto/internal/adapters/repositories/mock/criptoMonedasRepository.go:118.91,124.2 5 0
primerProjecto/internal/adapters/repositories/mock/criptoMonedasRepository.go:127.80,130.2 2 0
primerProjecto/internal/adapters/repositories/mock/criptoMonedasRepository.go:133.88,139.2 5 0
primerProjecto/internal/adapters/repositories/mock/criptoMonedasRepository.go:142.75,145.2 2 0
primerProjecto/internal/adapters/repositories/mock/criptoMonedasRepository.go:148.94,154.2 5 0
primerProjecto/internal/adapters/repositories/mock/criptoMonedasRepository.go:157.85,160.2 2 0
primerProjecto/internal/adapters/repositories/mock/criptoMonedasRepository.go:163.92,169.2 5 0
primerProjecto/internal/adapters/repositories/mock/criptoMonedasRepository.go:172.81,175.2 2 0
primerProjecto/internal/adapters/repositories/mock/criptoMonedasRepository.go:178.101,184.2 5 0
primerProjecto/internal/adapters/repositories/mock/criptoMonedasRepository.go:187.87,190.2 2 0
primerProjecto/internal/adapters/repositories/mock/criptoMonedasRepository.go:193.99,199.2 5 0
primerProjecto/internal/adapters/repositories/mock/criptoMonedasRepository.go:202.85,205.2 2 0
primerProjecto/internal/adapters/repositories/mock/criptoMonedasRepository.go:208.103,214.2 5 0
primerProjecto/internal/adapters/repositories/mock/criptoMonedasRepository.go:217.91,220.2 2 0
primerProjecto/internal/adapters/repositories/mock/criptoMonedasRepository.go:223.142,229.2 5 0
primerProjecto/internal/adapters/repositories/mock/criptoMonedasRepository.go:232.109,235.2 2 0
primerProjecto/internal/adapters/repositories/mock/criptoMonedasRepository.go:238.86,243.2 4 0
primerProjecto/internal/adapters/repositories/mock/criptoMonedasRepository.go:246.85,249.2 2 0
primerProjecto/internal/adapters/repositories/mock/criptoMonedasRepository.go:252.84,257.2 4 0
primerProjecto/internal/adapters/repositories/mock/criptoMonedasRepository.go:260.81,263.2 2 0
primerProjecto/internal/adapters/repositories/mock/criptoMonedasRepository.go:266.100,271.2 4 0
primerProjecto/internal/adapters/repositories/mock/criptoMonedasRepository.go:274.95,277.2 2 0
primerProjecto/internal/adapters/repositories/mock/criptoMonedasRepository.go:280.94,285.2 4 0
primerProjecto/internal/adapters/repositories/mock/criptoMonedasRepository.go:288.87,291.2 2 0
primerProjecto/internal/adapters/repositories/mock/usuarioRepository.go:31.79,35.2 3 0
primerProjecto/internal/adapters/repositories/mock/usuarioRepository.go:38.77,40.2 1 0
primerProjecto/internal/adapters/repositories/mock/usuarioRepository.go:43.95,49.2 5 0
primerProjecto/internal/adapters/repositories/mock/usuarioRepository.go:52.106,55.2 2 0
primerProjecto/internal/adapters/repositories/mock/usuarioRepository.go:58.77,63.2 4 0
primerProjecto/internal/adapters/repositories/mock/usuarioRepository.go:66.97,69.2 2 0
primerProjecto/internal/adapters/repositories/mock/usuarioRepository.go:72.79,78.2 5 0
primerProjecto/internal/adapters/repositories/mock/usuarioRepository.go:81.90,84.2 2 0
primerProjecto/internal/adapters/repositories/mock/usuarioRepository.go:87.89,93.2 5 0
primerProjecto/internal/adapters/repositories/mock/usuarioRepository.go:96.83,99.2 2 0
primerProjecto/internal/adapters/repositories/mock/usuarioRepository.go:102.79,108.2 5 0
primerProjecto/internal/adapters/repositories/mock/usuarioRepository.go:111.90,114.2 2 0
primerProjecto/internal/adapters/repositories/mock/usuarioRepository.go:117.88,122.2 4 0
primerProjecto/internal/adapters/repositories/mock/usuarioRepository.go:125.93,128.2 2 0
primerProjecto/internal/adapters/repositories/mock/usuarioRepository.go:131.108,136.2 4 0
primerProjecto/internal/adapters/repositories/mock/usuarioRepository.go:139.121,142.2 2 0
primerProjecto/internal/adapters/repositories/mock/usuarioRepository.go:145.89,151.2 5 0
primerProjecto/internal/adapters/repositories/mock/usuarioRepository.go:154.84,157.2 2 0
primerProjecto/internal/adapters/repositories/mock/usuarioRepository.go:160.92,165.2 4 0
primerProjecto/internal/adapters/repositories/mock/usuarioRepository.go:168.106,171.2 2 0
primerProjecto/internal/adapters/repositories/mock/usuarioRepository.go:174.96,179.2 4 0
primerProjecto/internal/adapters/repositories/mock/usuarioRepository.go:182.94,185.2 2 0
primerProjecto/internal/adapters/cotizadores/mock/cotizadores.go:31.63,35.2 3 0
primerProjecto/internal/adapters/cotizadores/mock/cotizadores.go:38.61,40.2 1 0
primerProjecto/internal/adapters/cotizadores/mock/cotizadores.go:43.109,49.2 5 0
primerProjecto/internal/adapters/cotizadores/mock/cotizadores.go:52.98,55.2 2 0
primerProjecto/internal/services/Auth_service.go:10.39,11.30 1 0
primerProjecto/internal/services/Auth_service.go:11.30,13.18 2 0
primerProjecto/internal/services/Auth_service.go:13.18,17.4 3 0
primerProjecto/internal/services/Auth_service.go:20.3,20.78 1 0
primerProjecto/internal/services/Auth_service.go:20.78,24.4 3 0
primerProjecto/internal/services/Auth_service.go:27.3,27.11 1 0
primerProjecto/internal/services/cotizaciones_service.go:9.79,11.2 1 0
primerProjecto/internal/services/cotizaciones_service.go:14.89,16.2 1 0
primerProjecto/internal/services/cotizaciones_service.go:18.96,20.2 1 0
primerProjecto/internal/services/cotizaciones_service.go:23.72,25.2 1 0
primerProjecto/internal/services/cotizaciones_service.go:27.141,29.2 1 0
primerProjecto/internal/services/cotizaciones_service.go:31.160,33.2 1 0
primerProjecto/internal/services/cotizaciones_service.go:36.82,38.16 2 0
primerProjecto/internal/services/cotizaciones_service.go:38.16,40.3 1 0
primerProjecto/internal/services/cotizaciones_service.go:42.2,43.16 2 0
primerProjecto/internal/services/cotizaciones_service.go:43.16,45.3 1 0
primerProjecto/internal/services/cotizaciones_service.go:46.2,46.19 1 0
primerProjecto/internal/services/cotizaciones_service.go:46.19,48.3 1 0
primerProjecto/internal/services/cotizaciones_service.go:50.2,52.12 3 0
primerProjecto/internal/services/cotizaciones_service.go:55.99,57.16 2 0
primerProjecto/internal/services/cotizaciones_service.go:57.16,59.3 1 0
primerProjecto/internal/services/cotizaciones_service.go:60.2,61.16 2 0
primerProjecto/internal/services/cotizaciones_service.go:61.16,63.3 1 0
primerProjecto/internal/services/cotizaciones_service.go:64.2,64.25 1 0
primerProjecto/internal/services/cotizaciones_service.go:64.25,66.3 1 0
primerProjecto/internal/services/cotizaciones_service.go:67.2,67.87 1 0
primerProjecto/internal/services/cripto_service.go:16.137,18.2 1 0
primerProjecto/internal/services/cripto_service.go:34.85,36.2 1 0
primerProjecto/internal/services/cripto_service.go:39.77,41.2 1 0
primerProjecto/internal/services/cripto_service.go:44.87,46.2 1 0
primerProjecto/internal/services/cripto_service.go:48.96,50.2 1 0
primerProjecto/internal/services/cripto_service.go:53.75,57.16 2 0
primerProjecto/internal/services/cripto_service.go:57.16,59.3 1 0
primerProjecto/internal/services/cripto_service.go:61.2,61.19 1 0
primerProjecto/internal/services/cripto_service.go:61.19,63.3 1 0
primerProjecto/internal/services/cripto_service.go:65.2,66.51 2 0
primerProjecto/internal/services/cripto_service.go:66.51,68.3 1 0
primerProjecto/internal/services/cripto_service.go:71.2,72.18 2 0
primerProjecto/internal/services/cripto_service.go:72.18,75.3 1 0
primerProjecto/internal/services/cripto_service.go:76.2,78.12 3 0
primerProjecto/internal/services/usuario_service.go:25.126,28.2 2 0
primerProjecto/internal/services/usuario_service.go:30.104,32.16 2 0
primerProjecto/internal/services/usuario_service.go:32.16,34.3 1 0
primerProjecto/internal/services/usuario_service.go:36.2,36.48 1 0
primerProjecto/internal/services/usuario_service.go:36.48,38.17 2 0
primerProjecto/internal/services/usuario_service.go:38.17,40.4 1 0
primerProjecto/internal/services/usuario_service.go:41.3,42.17 2 0
primerProjecto/internal/services/usuario_service.go:42.17,44.4 1 0
primerProjecto/internal/services/usuario_service.go:46.2,46.12 1 0
primerProjecto/internal/services/usuario_service.go:49.89,51.2 1 0
primerProjecto/internal/services/usuario_service.go:53.82,55.2 1 0
primerProjecto/internal/services/usuario_service.go:57.72,59.2 1 0
primerProjecto/internal/services/usuario_service.go:61.72,63.2 1 0
primerProjecto/internal/services/usuario_service.go:65.129,66.64 1 0
primerProjecto/internal/services/usuario_service.go:66.64,68.3 1 0
primerProjecto/internal/services/usuario_service.go:70.2,70.68 1 0
primerProjecto/internal/services/usuario_service.go:70.68,72.3 1 0
primerProjecto/internal/services/usuario_service.go:73.2,74.33 2 0
primerProjecto/internal/services/usuario_service.go:74.33,76.17 2 0
primerProjecto/internal/services/usuario_service.go:76.17,78.4 1 0
primerProjecto/internal/services/usuario_service.go:79.3,79.31 1 0
primerProjecto/internal/services/usuario_service.go:82.2,82.21 1 0
primerProjecto/internal/services/usuario_service.go:82.21,83.66 1 0
primerProjecto/internal/services/usuario_service.go:83.66,85.4 1 0
primerProjecto/internal/services/usuario_service.go:86.8,86.29 1 0
primerProjecto/internal/services/usuario_service.go:86.29,87.71 1 0
primerProjecto/internal/services/usuario_service.go:87.71,89.4 1 0
primerProjecto/internal/services/usuario_service.go:92.2,92.12 1 0
primerProjecto/internal/services/usuario_service.go:95.81,97.33 2 0
primerProjecto/internal/services/usuario_service.go:97.33,99.17 2 0
primerProjecto/internal/services/usuario_service.go:99.17,101.4 1 0
primerProjecto/internal/services/usuario_service.go:102.3,102.31 1 0
primerProjecto/internal/services/usuario_service.go:104.2,104.70 1 0
primerProjecto/internal/services/usuario_service.go:104.70,106.3 1 0
primerProjecto/internal/services/usuario_service.go:107.2,107.12 1 0
primerProjecto/internal/services/usuario_service.go:110.90,114.16 2 0
primerProjecto/internal/services/usuario_service.go:114.16,116.3 1 0
primerProjecto/internal/services/usuario_service.go:118.2,118.19 1 0
primerProjecto/internal/services/usuario_service.go:118.19,120.17 2 0
primerProjecto/internal/services/usuario_service.go:120.17,122.4 1 0
primerProjecto/internal/services/usuario_service.go:123.3,123.13 1 0
primerProjecto/internal/services/usuario_service.go:126.2,127.57 2 0
primerProjecto/internal/services/usuario_service.go:127.57,129.3 1 0
primerProjecto/internal/services/usuario_service.go:130.2,131.16 2 0
primerProjecto/internal/services/usuario_service.go:131.16,133.3 1 0
primerProjecto/internal/services/usuario_service.go:134.2,134.12 1 0
primerProjecto/internal/services/usuario_service.go:137.136,139.16 2 0
primerProjecto/internal/services/usuario_service.go:139.16,141.3 1 0
primerProjecto/internal/services/usuario_service.go:142.2,143.30 2 0
primerProjecto/internal/services/usuario_service.go:146.139,148.16 2 0
primerProjecto/internal/services/usuario_service.go:148.16,150.3 1 0
primerProjecto/internal/services/usuario_service.go:151.2,152.35 2 0
primerProjecto/internal/services/usuario_service.go:155.102,157.16 2 0
primerProjecto/internal/services/usuario_service.go:157.16,159.3 1 0
primerProjecto/internal/services/usuario_service.go:161.2,161.24 1 0
primerProjecto/internal/services/usuario_service.go:161.24,163.3 1 0
primerProjecto/internal/services/usuario_service.go:165.2,167.24 2 0
primerProjecto/docs/docs.go:1031.13,1033.2 1 0
primerProjecto/cmd/main.go:26.13,31.51 2 0
primerProjecto/cmd/main.go:31.51,33.3 1 0
primerProjecto/cmd/main.go:36.2,37.16 2 0
primerProjecto/cmd/main.go:37.16,39.3 1 0
primerProjecto/cmd/main.go:40.2,44.16 3 0
primerProjecto/cmd/main.go:44.16,46.3 1 0
primerProjecto/cmd/main.go:49.2,50.16 2 0
primerProjecto/cmd/main.go:50.16,52.3 1 0
primerProjecto/cmd/main.go:55.2,61.16 2 0
primerProjecto/cmd/main.go:61.16,63.3 1 0
primerProjecto/cmd/main.go:66.2,78.16 2 0
primerProjecto/cmd/main.go:78.16,80.3 1 0
primerProjecto/cmd/main.go:82.2,95.16 2 0
primerProjecto/cmd/main.go:95.16,97.3 1 0
primerProjecto/cmd/main.go:99.2,108.16 2 0
primerProjecto/cmd/main.go:108.16,110.3 1 0
primerProjecto/cmd/main.go:111.2,122.16 2 0
primerProjecto/cmd/main.go:122.16,124.3 1 0
primerProjecto/cmd/main.go:127.2,172.21 29 0
primerProjecto/internal/adapters/controllers/cotizacionController.go:23.66,26.16 3 0
primerProjecto/internal/adapters/controllers/cotizacionController.go:26.16,29.3 2 0
primerProjecto/internal/adapters/controllers/cotizacionController.go:30.2,31.16 2 0
primerProjecto/internal/adapters/controllers/cotizacionController.go:31.16,35.3 3 0
primerProjecto/internal/adapters/controllers/cotizacionController.go:36.2,36.82 1 0
primerProjecto/internal/adapters/controllers/cotizacionController.go:39.62,42.49 2 0
primerProjecto/internal/adapters/controllers/cotizacionController.go:42.49,44.3 1 0
primerProjecto/internal/adapters/controllers/cotizacionController.go:45.2,45.71 1 0
primerProjecto/internal/adapters/controllers/cotizacionController.go:45.71,47.17 2 0
primerProjecto/internal/adapters/controllers/cotizacionController.go:47.17,49.4 1 0
primerProjecto/internal/adapters/controllers/cotizacionController.go:51.2,51.71 1 0
primerProjecto/internal/adapters/controllers/cotizacionController.go:51.71,53.17 2 0
primerProjecto/internal/adapters/controllers/cotizacionController.go:53.17,55.4 1 0
primerProjecto/internal/adapters/controllers/cotizacionController.go:57.2,57.59 1 0
primerProjecto/internal/adapters/controllers/cotizacionController.go:57.59,59.17 2 0
primerProjecto/internal/adapters/controllers/cotizacionController.go:59.17,61.4 1 0
primerProjecto/internal/adapters/controllers/cotizacionController.go:63.2,63.53 1 0
primerProjecto/internal/adapters/controllers/cotizacionController.go:63.53,65.17 2 0
primerProjecto/internal/adapters/controllers/cotizacionController.go:65.17,67.4 1 0
primerProjecto/internal/adapters/controllers/cotizacionController.go:70.2,71.33 2 0
primerProjecto/internal/adapters/controllers/cotizacionController.go:71.33,73.3 1 0
primerProjecto/internal/adapters/controllers/cotizacionController.go:74.2,77.35 3 0
primerProjecto/internal/adapters/controllers/cotizacionController.go:77.35,79.3 1 0
primerProjecto/internal/adapters/controllers/cotizacionController.go:80.2,83.16 3 0
primerProjecto/internal/adapters/controllers/cotizacionController.go:83.16,86.3 2 0
primerProjecto/internal/adapters/controllers/cotizacionController.go:88.2,91.4 1 0
primerProjecto/internal/adapters/controllers/cotizacionController.go:103.66,107.16 3 0
primerProjecto/internal/adapters/controllers/cotizacionController.go:107.16,111.3 3 0
primerProjecto/internal/adapters/controllers/cotizacionController.go:112.2,112.37 1 0
primerProjecto/internal/adapters/controllers/cotizacionController.go:115.67,120.16 4 0
primerProjecto/internal/adapters/controllers/cotizacionController.go:120.16,124.3 3 0
primerProjecto/internal/adapters/controllers/cotizacionController.go:125.2,125.80 1 0
primerProjecto/internal/adapters/controllers/cotizacionController.go:143.69,146.16 2 0
primerProjecto/internal/adapters/controllers/cotizacionController.go:146.16,150.3 2 0
primerProjecto/internal/adapters/controllers/cotizacionController.go:153.2,155.49 2 0
primerProjecto/internal/adapters/controllers/cotizacionController.go:155.49,157.3 1 0
primerProjecto/internal/adapters/controllers/cotizacionController.go:158.2,158.71 1 0
primerProjecto/internal/adapters/controllers/cotizacionController.go:158.71,160.17 2 0
primerProjecto/internal/adapters/controllers/cotizacionController.go:160.17,162.4 1 0
primerProjecto/internal/adapters/controllers/cotizacionController.go:164.2,164.71 1 0
primerProjecto/internal/adapters/controllers/cotizacionController.go:164.71,166.17 2 0
primerProjecto/internal/adapters/controllers/cotizacionController.go:166.17,168.4 1 0
primerProjecto/internal/adapters/controllers/cotizacionController.go:170.2,170.59 1 0
primerProjecto/internal/adapters/controllers/cotizacionController.go:170.59,172.17 2 0
primerProjecto/internal/adapters/controllers/cotizacionController.go:172.17,174.4 1 0
primerProjecto/internal/adapters/controllers/cotizacionController.go:176.2,176.53 1 0
primerProjecto/internal/adapters/controllers/cotizacionController.go:176.53,178.17 2 0
primerProjecto/internal/adapters/controllers/cotizacionController.go:178.17,180.4 1 0
primerProjecto/internal/adapters/controllers/cotizacionController.go:183.2,184.33 2 0
primerProjecto/internal/adapters/controllers/cotizacionController.go:184.33,186.3 1 0
primerProjecto/internal/adapters/controllers/cotizacionController.go:187.2,190.35 3 0
primerProjecto/internal/adapters/controllers/cotizacionController.go:190.35,192.3 1 0
primerProjecto/internal/adapters/controllers/cotizacionController.go:193.2,197.16 3 0
primerProjecto/internal/adapters/controllers/cotizacionController.go:197.16,201.3 3 0
primerProjecto/internal/adapters/controllers/cotizacionController.go:204.2,207.4 1 0
primerProjecto/internal/adapters/controllers/criptoMonedasController.go:17.77,19.2 1 0
primerProjecto/internal/adapters/controllers/criptoMonedasController.go:21.54,23.16 2 0
primerProjecto/internal/adapters/controllers/criptoMonedasController.go:23.16,27.3 3 0
primerProjecto/internal/adapters/controllers/criptoMonedasController.go:28.2,28.40 1 0
primerProjecto/internal/adapters/controllers/criptoMonedasController.go:31.68,34.16 3 0
primerProjecto/internal/adapters/controllers/criptoMonedasController.go:34.16,37.3 2 0
primerProjecto/internal/adapters/controllers/criptoMonedasController.go:38.2,39.16 2 0
primerProjecto/internal/adapters/controllers/criptoMonedasController.go:39.16,43.3 3 0
primerProjecto/internal/adapters/controllers/criptoMonedasController.go:44.2,44.78 1 0
primerProjecto/internal/adapters/controllers/criptoMonedasController.go:57.61,60.16 3 0
primerProjecto/internal/adapters/controllers/criptoMonedasController.go:60.16,63.3 2 0
primerProjecto/internal/adapters/controllers/criptoMonedasController.go:64.2,65.16 2 0
primerProjecto/internal/adapters/controllers/criptoMonedasController.go:65.16,69.3 3 0
primerProjecto/internal/adapters/controllers/criptoMonedasController.go:70.2,70.39 1 0
primerProjecto/internal/adapters/controllers/criptoMonedasController.go:84.69,87.16 3 0
primerProjecto/internal/adapters/controllers/criptoMonedasController.go:87.16,90.3 2 0
primerProjecto/internal/adapters/controllers/criptoMonedasController.go:91.2,93.16 3 0
primerProjecto/internal/adapters/controllers/criptoMonedasController.go:93.16,96.3 2 0
primerProjecto/internal/adapters/controllers/criptoMonedasController.go:97.2,98.16 2 0
primerProjecto/internal/adapters/controllers/criptoMonedasController.go:98.16,102.3 3 0
primerProjecto/internal/adapters/controllers/criptoMonedasController.go:103.2,103.79 1 0
primerProjecto/internal/adapters/controllers/criptoMonedasController.go:106.64,109.16 3 0
primerProjecto/internal/adapters/controllers/criptoMonedasController.go:109.16,113.3 3 0
primerProjecto/internal/adapters/controllers/criptoMonedasController.go:114.2,114.33 1 0
primerProjecto/internal/adapters/controllers/criptoMonedasController.go:117.69,122.16 4 0
primerProjecto/internal/adapters/controllers/criptoMonedasController.go:122.16,126.3 3 0
primerProjecto/internal/adapters/controllers/criptoMonedasController.go:127.2,127.78 1 0
primerProjecto/internal/adapters/controllers/usuariosHandlers.go:17.74,19.2 1 0
primerProjecto/internal/adapters/controllers/usuariosHandlers.go:32.56,35.51 2 0
primerProjecto/internal/adapters/controllers/usuariosHandlers.go:35.51,38.3 2 0
primerProjecto/internal/adapters/controllers/usuariosHandlers.go:40.2,40.54 1 0
primerProjecto/internal/adapters/controllers/usuariosHandlers.go:40.54,43.3 2 0
primerProjecto/internal/adapters/controllers/usuariosHandlers.go:45.2,46.16 2 0
primerProjecto/internal/adapters/controllers/usuariosHandlers.go:46.16,49.3 2 0
primerProjecto/internal/adapters/controllers/usuariosHandlers.go:51.2,51.72 1 0
primerProjecto/internal/adapters/controllers/usuariosHandlers.go:54.52,57.47 3 0
primerProjecto/internal/adapters/controllers/usuariosHandlers.go:57.47,59.3 1 0
primerProjecto/internal/adapters/controllers/usuariosHandlers.go:60.2,60.19 1 0
primerProjecto/internal/adapters/controllers/usuariosHandlers.go:75.60,77.16 2 0
primerProjecto/internal/adapters/controllers/usuariosHandlers.go:77.16,80.3 2 0
primerProjecto/internal/adapters/controllers/usuariosHandlers.go:82.2,83.51 2 0
primerProjecto/internal/adapters/controllers/usuariosHandlers.go:83.51,86.3 2 0
primerProjecto/internal/adapters/controllers/usuariosHandlers.go:88.2,89.16 2 0
primerProjecto/internal/adapters/controllers/usuariosHandlers.go:89.16,92.3 2 0
primerProjecto/internal/adapters/controllers/usuariosHandlers.go:94.2,94.77 1 0
primerProjecto/internal/adapters/controllers/usuariosHandlers.go:97.56,99.51 2 0
primerProjecto/internal/adapters/controllers/usuariosHandlers.go:99.51,102.3 2 0
primerProjecto/internal/adapters/controllers/usuariosHandlers.go:104.2,104.29 1 0
primerProjecto/internal/adapters/controllers/usuariosHandlers.go:104.29,105.87 1 0
primerProjecto/internal/adapters/controllers/usuariosHandlers.go:105.87,108.4 2 0
primerProjecto/internal/adapters/controllers/usuariosHandlers.go:109.8,110.89 1 0
primerProjecto/internal/adapters/controllers/usuariosHandlers.go:110.89,113.4 2 0
primerProjecto/internal/adapters/controllers/usuariosHandlers.go:114.3,115.9 2 0
primerProjecto/internal/adapters/controllers/usuariosHandlers.go:118.2,118.100 1 0
primerProjecto/internal/adapters/controllers/usuariosHandlers.go:118.100,121.3 2 0
primerProjecto/internal/adapters/controllers/usuariosHandlers.go:130.2,130.76 1 0
primerProjecto/internal/adapters/controllers/usuariosHandlers.go:144.58,146.16 2 0
primerProjecto/internal/adapters/controllers/usuariosHandlers.go:146.16,149.3 2 0
primerProjecto/internal/adapters/controllers/usuariosHandlers.go:151.2,152.16 2 0
primerProjecto/internal/adapters/controllers/usuariosHandlers.go:152.16,155.3 2 0
primerProjecto/internal/adapters/controllers/usuariosHandlers.go:156.2,156.20 1 0
primerProjecto/internal/adapters/controllers/usuariosHandlers.go:156.20,159.3 2 0
primerProjecto/internal/adapters/controllers/usuariosHandlers.go:161.2,161.32 1 0
primerProjecto/internal/adapters/controllers/usuariosHandlers.go:174.65,176.16 2 0
primerProjecto/internal/adapters/controllers/usuariosHandlers.go:176.16,179.3 2 0
primerProjecto/internal/adapters/controllers/usuariosHandlers.go:181.2,182.16 2 0
primerProjecto/internal/adapters/controllers/usuariosHandlers.go:182.16,185.3 2 0
primerProjecto/internal/adapters/controllers/usuariosHandlers.go:187.2,187.32 1 0
primerProjecto/internal/adapters/controllers/usuariosHandlers.go:201.59,203.16 2 0
primerProjecto/internal/adapters/controllers/usuariosHandlers.go:203.16,206.3 2 0
primerProjecto/internal/adapters/controllers/usuariosHandlers.go:208.2,209.51 2 0
primerProjecto/internal/adapters/controllers/usuariosHandlers.go:209.51,212.3 2 0
primerProjecto/internal/adapters/controllers/usuariosHandlers.go:215.2,218.45 3 0
primerProjecto/internal/adapters/controllers/usuariosHandlers.go:218.45,219.15 1 0
primerProjecto/internal/adapters/controllers/usuariosHandlers.go:219.15,222.4 1 0
primerProjecto/internal/adapters/controllers/usuariosHandlers.go:222.9,224.11 2 0
primerProjecto/internal/adapters/controllers/usuariosHandlers.go:224.11,227.5 2 0
primerProjecto/internal/adapters/controllers/usuariosHandlers.go:228.4,228.40 1 0
primerProjecto/internal/adapters/controllers/usuariosHandlers.go:228.40,230.12 2 0
primerProjecto/internal/adapters/controllers/usuariosHandlers.go:230.12,233.6 2 0
primerProjecto/internal/adapters/controllers/usuariosHandlers.go:234.5,234.52 1 0
primerProjecto/internal/adapters/controllers/usuariosHandlers.go:237.3,237.29 1 0
primerProjecto/internal/adapters/controllers/usuariosHandlers.go:240.2,241.16 2 0
primerProjecto/internal/adapters/controllers/usuariosHandlers.go:241.16,244.3 2 0
primerProjecto/internal/adapters/controllers/usuariosHandlers.go:246.2,246.77 1 0
primerProjecto/internal/adapters/controllers/usuariosHandlers.go:260.66,263.16 3 0
primerProjecto/internal/adapters/controllers/usuariosHandlers.go:263.16,266.3 2 0
primerProjecto/internal/adapters/controllers/usuariosHandlers.go:268.2,268.55 1 0
primerProjecto/internal/adapters/controllers/usuariosHandlers.go:283.70,287.16 3 0
primerProjecto/internal/adapters/controllers/usuariosHandlers.go:287.16,290.3 2 0
primerProjecto/internal/adapters/controllers/usuariosHandlers.go:291.2,292.16 2 0
primerProjecto/internal/adapters/controllers/usuariosHandlers.go:292.16,295.3 2 0
primerProjecto/internal/adapters/controllers/usuariosHandlers.go:296.2,300.4 2 0
primerProjecto/internal/adapters/controllers/usuariosHandlers.go:316.71,319.16 3 0
primerProjecto/internal/adapters/controllers/usuariosHandlers.go:319.16,322.3 2 0
primerProjecto/internal/adapters/controllers/usuariosHandlers.go:324.2,325.16 2 0
primerProjecto/internal/adapters/controllers/usuariosHandlers.go:325.16,328.3 2 0
primerProjecto/internal/adapters/controllers/usuariosHandlers.go:330.2,331.16 2 0
primerProjecto/internal/adapters/controllers/usuariosHandlers.go:331.16,334.3 2 0
primerProjecto/internal/adapters/controllers/usuariosHandlers.go:336.2,338.16 3 0
primerProjecto/internal/adapters/controllers/usuariosHandlers.go:338.16,341.3 2 0
primerProjecto/internal/adapters/controllers/usuariosHandlers.go:343.2,343.83 1 0
primerProjecto/internal/adapters/controllers/usuariosHandlers.go:356.67,360.16 3 0
primerProjecto/internal/adapters/controllers/usuariosHandlers.go:360.16,363.3 2 0
primerProjecto/internal/adapters/controllers/usuariosHandlers.go:364.2,368.4 2 0
primerProjecto/internal/adapters/repositories/cotizacionesRepository.go:15.87,17.16 2 0
primerProjecto/internal/adapters/repositories/cotizacionesRepository.go:17.16,20.3 2 0
primerProjecto/internal/adapters/repositories/cotizacionesRepository.go:21.2,21.12 1 0
primerProjecto/internal/adapters/repositories/cotizacionesRepository.go:24.95,35.16 6 0
primerProjecto/internal/adapters/repositories/cotizacionesRepository.go:35.16,36.27 1 0
primerProjecto/internal/adapters/repositories/cotizacionesRepository.go:36.27,39.4 2 0
primerProjecto/internal/adapters/repositories/cotizacionesRepository.go:41.2,41.17 1 0
primerProjecto/internal/adapters/repositories/cotizacionesRepository.go:41.17,44.3 2 0
primerProjecto/internal/adapters/repositories/cotizacionesRepository.go:47.2,48.16 2 0
primerProjecto/internal/adapters/repositories/cotizacionesRepository.go:48.16,50.3 1 0
primerProjecto/internal/adapters/repositories/cotizacionesRepository.go:51.2,51.21 1 0
primerProjecto/internal/adapters/repositories/cotizacionesRepository.go:54.92,57.16 3 0
primerProjecto/internal/adapters/repositories/cotizacionesRepository.go:57.16,60.3 2 0
primerProjecto/internal/adapters/repositories/cotizacionesRepository.go:61.2,65.18 3 0
primerProjecto/internal/adapters/repositories/cotizacionesRepository.go:65.18,70.17 4 0
primerProjecto/internal/adapters/repositories/cotizacionesRepository.go:70.17,72.12 2 0
primerProjecto/internal/adapters/repositories/cotizacionesRepository.go:76.3,77.17 2 0
primerProjecto/internal/adapters/repositories/cotizacionesRepository.go:77.17,79.12 2 0
primerProjecto/internal/adapters/repositories/cotizacionesRepository.go:82.3,82.51 1 0
primerProjecto/internal/adapters/repositories/cotizacionesRepository.go:85.2,85.35 1 0
primerProjecto/internal/adapters/repositories/cotizacionesRepository.go:85.35,88.3 2 0
primerProjecto/internal/adapters/repositories/cotizacionesRepository.go:90.2,90.26 1 0
primerProjecto/internal/adapters/repositories/cotizacionesRepository.go:93.101,96.16 3 0
primerProjecto/internal/adapters/repositories/cotizacionesRepository.go:96.16,99.3 2 0
primerProjecto/internal/adapters/repositories/cotizacionesRepository.go:100.2,100.12 1 0
primerProjecto/internal/adapters/repositories/cotizacionesRepository.go:103.149,117.26 4 0
primerProjecto/internal/adapters/repositories/cotizacionesRepository.go:117.26,121.3 3 0
primerProjecto/internal/adapters/repositories/cotizacionesRepository.go:122.2,122.33 1 0
primerProjecto/internal/adapters/repositories/cotizacionesRepository.go:122.33,126.3 3 0
primerProjecto/internal/adapters/repositories/cotizacionesRepository.go:127.2,127.33 1 0
primerProjecto/internal/adapters/repositories/cotizacionesRepository.go:127.33,131.3 3 0
primerProjecto/internal/adapters/repositories/cotizacionesRepository.go:132.2,132.29 1 0
primerProjecto/internal/adapters/repositories/cotizacionesRepository.go:132.29,136.3 3 0
primerProjecto/internal/adapters/repositories/cotizacionesRepository.go:137.2,137.27 1 0
primerProjecto/internal/adapters/repositories/cotizacionesRepository.go:137.27,141.3 3 0
primerProjecto/internal/adapters/repositories/cotizacionesRepository.go:144.2,148.16 4 0
primerProjecto/internal/adapters/repositories/cotizacionesRepository.go:148.16,150.3 1 0
primerProjecto/internal/adapters/repositories/cotizacionesRepository.go:151.2,154.18 3 0
primerProjecto/internal/adapters/repositories/cotizacionesRepository.go:154.18,158.101 4 0
primerProjecto/internal/adapters/repositories/cotizacionesRepository.go:158.101,160.4 1 0
primerProjecto/internal/adapters/repositories/cotizacionesRepository.go:161.3,162.17 2 0
primerProjecto/internal/adapters/repositories/cotizacionesRepository.go:162.17,164.12 2 0
primerProjecto/internal/adapters/repositories/cotizacionesRepository.go:167.3,167.50 1 0
primerProjecto/internal/adapters/repositories/cotizacionesRepository.go:171.2,178.35 2 0
primerProjecto/internal/adapters/repositories/cotizacionesRepository.go:194.104,214.16 6 0
primerProjecto/internal/adapters/repositories/cotizacionesRepository.go:214.16,215.27 1 0
primerProjecto/internal/adapters/repositories/cotizacionesRepository.go:215.27,218.4 2 0
primerProjecto/internal/adapters/repositories/cotizacionesRepository.go:220.3,221.17 2 0
primerProjecto/internal/adapters/repositories/cotizacionesRepository.go:221.17,223.4 1 0
primerProjecto/internal/adapters/repositories/cotizacionesRepository.go:225.2,225.25 1 0
primerProjecto/internal/adapters/repositories/cotizacionesRepository.go:228.171,245.26 3 0
primerProjecto/internal/adapters/repositories/cotizacionesRepository.go:245.26,248.3 2 0
primerProjecto/internal/adapters/repositories/cotizacionesRepository.go:249.2,249.33 1 0
primerProjecto/internal/adapters/repositories/cotizacionesRepository.go:249.33,252.3 2 0
primerProjecto/internal/adapters/repositories/cotizacionesRepository.go:253.2,253.33 1 0
primerProjecto/internal/adapters/repositories/cotizacionesRepository.go:253.33,256.3 2 0
primerProjecto/internal/adapters/repositories/cotizacionesRepository.go:257.2,257.29 1 0
primerProjecto/internal/adapters/repositories/cotizacionesRepository.go:257.29,260.3 2 0
primerProjecto/internal/adapters/repositories/cotizacionesRepository.go:261.2,261.27 1 0
primerProjecto/internal/adapters/repositories/cotizacionesRepository.go:261.27,264.3 2 0
primerProjecto/internal/adapters/repositories/cotizacionesRepository.go:267.2,273.16 6 0
primerProjecto/internal/adapters/repositories/cotizacionesRepository.go:273.16,275.3 1 0
primerProjecto/internal/adapters/repositories/cotizacionesRepository.go:276.2,280.18 4 0
primerProjecto/internal/adapters/repositories/cotizacionesRepository.go:280.18,285.189 4 0
primerProjecto/internal/adapters/repositories/cotizacionesRepository.go:285.189,287.4 1 0
primerProjecto/internal/adapters/repositories/cotizacionesRepository.go:289.3,290.17 2 0
primerProjecto/internal/adapters/repositories/cotizacionesRepository.go:290.17,292.12 2 0
primerProjecto/internal/adapters/repositories/cotizacionesRepository.go:294.3,297.32 2 0
primerProjecto/internal/adapters/repositories/cotizacionesRepository.go:297.32,302.96 4 0
primerProjecto/internal/adapters/repositories/cotizacionesRepository.go:302.96,305.5 2 0
primerProjecto/internal/adapters/repositories/cotizacionesRepository.go:306.4,306.94 1 0
primerProjecto/internal/adapters/repositories/cotizacionesRepository.go:306.94,309.5 2 0
primerProjecto/internal/adapters/repositories/cotizacionesRepository.go:310.4,310.84 1 0
primerProjecto/internal/adapters/repositories/cotizacionesRepository.go:310.84,313.5 2 0
primerProjecto/internal/adapters/repositories/cotizacionesRepository.go:315.4,317.41 3 0
primerProjecto/internal/adapters/repositories/cotizacionesRepository.go:321.2,325.35 4 0
primerProjecto/internal/adapters/repositories/cotizacionesRepository.go:328.78,337.16 6 0
primerProjecto/internal/adapters/repositories/cotizacionesRepository.go:337.16,339.3 1 0
primerProjecto/internal/adapters/repositories/cotizacionesRepository.go:341.2,342.16 2 0
primerProjecto/internal/adapters/repositories/cotizacionesRepository.go:342.16,344.3 1 0
primerProjecto/internal/adapters/repositories/cotizacionesRepository.go:346.2,347.23 2 0
primerProjecto/internal/adapters/repositories/cotizacionesRepository.go:347.23,349.3 1 0
primerProjecto/internal/adapters/repositories/cotizacionesRepository.go:351.2,351.12 1 0
primerProjecto/internal/adapters/repositories/cotizacionesRepository.go:354.143,372.16 3 0
primerProjecto/internal/adapters/repositories/cotizacionesRepository.go:372.16,375.3 2 0
primerProjecto/internal/adapters/repositories/cotizacionesRepository.go:377.2,378.16 2 0
primerProjecto/internal/adapters/repositories/cotizacionesRepository.go:378.16,380.3 1 0
primerProjecto/internal/adapters/repositories/cotizacionesRepository.go:381.2,383.32 2 0
primerProjecto/internal/adapters/repositories/cotizacionesRepository.go:386.146,409.16 5 0
primerProjecto/internal/adapters/repositories/cotizacionesRepository.go:409.16,412.3 2 0
primerProjecto/internal/adapters/repositories/cotizacionesRepository.go:413.2,413.24 1 0
primerProjecto/internal/adapters/repositories/cotizacionesRepository.go:416.99,419.16 2 0
primerProjecto/internal/adapters/repositories/cotizacionesRepository.go:419.16,422.3 2 0
primerProjecto/internal/adapters/repositories/cotizacionesRepository.go:424.2,424.12 1 0
primerProjecto/internal/adapters/repositories/criptoMonedasRepository.go:16.66,18.2 1 0
primerProjecto/internal/adapters/repositories/criptoMonedasRepository.go:42.85,44.16 2 0
primerProjecto/internal/adapters/repositories/criptoMonedasRepository.go:44.16,47.3 2 0
primerProjecto/internal/adapters/repositories/criptoMonedasRepository.go:48.2,48.12 1 0
primerProjecto/internal/adapters/repositories/criptoMonedasRepository.go:51.93,57.16 5 0
primerProjecto/internal/adapters/repositories/criptoMonedasRepository.go:57.16,58.27 1 0
primerProjecto/internal/adapters/repositories/criptoMonedasRepository.go:58.27,61.4 2 0
primerProjecto/internal/adapters/repositories/criptoMonedasRepository.go:63.2,63.21 1 0
primerProjecto/internal/adapters/repositories/criptoMonedasRepository.go:66.89,70.16 4 0
primerProjecto/internal/adapters/repositories/criptoMonedasRepository.go:70.16,73.3 2 0
primerProjecto/internal/adapters/repositories/criptoMonedasRepository.go:74.2,78.18 3 0
primerProjecto/internal/adapters/repositories/criptoMonedasRepository.go:78.18,81.17 3 0
primerProjecto/internal/adapters/repositories/criptoMonedasRepository.go:81.17,83.12 2 0
primerProjecto/internal/adapters/repositories/criptoMonedasRepository.go:85.3,85.49 1 0
primerProjecto/internal/adapters/repositories/criptoMonedasRepository.go:87.2,87.35 1 0
primerProjecto/internal/adapters/repositories/criptoMonedasRepository.go:87.35,90.3 2 0
primerProjecto/internal/adapters/repositories/criptoMonedasRepository.go:92.2,92.27 1 0
primerProjecto/internal/adapters/repositories/criptoMonedasRepository.go:96.95,99.16 3 0
primerProjecto/internal/adapters/repositories/criptoMonedasRepository.go:99.16,102.3 2 0
primerProjecto/internal/adapters/repositories/criptoMonedasRepository.go:103.2,103.12 1 0
primerProjecto/internal/adapters/repositories/criptoMonedasRepository.go:106.100,110.16 4 0
primerProjecto/internal/adapters/repositories/criptoMonedasRepository.go:110.16,111.27 1 0
primerProjecto/internal/adapters/repositories/criptoMonedasRepository.go:111.27,113.4 1 0
primerProjecto/internal/adapters/repositories/criptoMonedasRepository.go:114.3,114.18 1 0
primerProjecto/internal/adapters/repositories/criptoMonedasRepository.go:116.2,116.21 1 0
primerProjecto/internal/adapters/repositories/criptoMonedasRepository.go:119.102,123.16 4 0
primerProjecto/internal/adapters/repositories/criptoMonedasRepository.go:123.16,124.27 1 0
primerProjecto/internal/adapters/repositories/criptoMonedasRepository.go:124.27,126.4 1 0
primerProjecto/internal/adapters/repositories/criptoMonedasRepository.go:127.3,127.18 1 0
primerProjecto/internal/adapters/repositories/criptoMonedasRepository.go:129.2,129.21 1 0
primerProjecto/internal/adapters/repositories/usuarioRepository.go:18.68,20.2 1 0
primerProjecto/internal/adapters/repositories/usuarioRepository.go:35.90,39.16 3 0
primerProjecto/internal/adapters/repositories/usuarioRepository.go:39.16,41.3 1 0
primerProjecto/internal/adapters/repositories/usuarioRepository.go:42.2,43.16 2 0
primerProjecto/internal/adapters/repositories/usuarioRepository.go:43.16,45.3 1 0
primerProjecto/internal/adapters/repositories/usuarioRepository.go:46.2,46.21 1 0
primerProjecto/internal/adapters/repositories/usuarioRepository.go:49.97,58.16 3 0
primerProjecto/internal/adapters/repositories/usuarioRepository.go:58.16,61.3 2 0
primerProjecto/internal/adapters/repositories/usuarioRepository.go:62.2,62.12 1 0
primerProjecto/internal/adapters/repositories/usuarioRepository.go:65.90,76.16 4 0
primerProjecto/internal/adapters/repositories/usuarioRepository.go:76.16,77.27 1 0
primerProjecto/internal/adapters/repositories/usuarioRepository.go:77.27,79.4 1 0
primerProjecto/internal/adapters/repositories/usuarioRepository.go:80.3,80.18 1 0
primerProjecto/internal/adapters/repositories/usuarioRepository.go:82.2,82.22 1 0
primerProjecto/internal/adapters/repositories/usuarioRepository.go:85.80,88.16 3 0
primerProjecto/internal/adapters/repositories/usuarioRepository.go:88.16,90.3 1 0
primerProjecto/internal/adapters/repositories/usuarioRepository.go:91.2,94.18 3 0
primerProjecto/internal/adapters/repositories/usuarioRepository.go:94.18,96.46 2 0
primerProjecto/internal/adapters/repositories/usuarioRepository.go:96.46,98.4 1 0
primerProjecto/internal/adapters/repositories/usuarioRepository.go:99.3,99.42 1 0
primerProjecto/internal/adapters/repositories/usuarioRepository.go:101.2,101.35 1 0
primerProjecto/internal/adapters/repositories/usuarioRepository.go:101.35,103.3 1 0
primerProjecto/internal/adapters/repositories/usuarioRepository.go:105.2,105.23 1 0
primerProjecto/internal/adapters/repositories/usuarioRepository.go:108.80,111.16 3 0
primerProjecto/internal/adapters/repositories/usuarioRepository.go:111.16,113.3 1 0
primerProjecto/internal/adapters/repositories/usuarioRepository.go:114.2,117.18 3 0
primerProjecto/internal/adapters/repositories/usuarioRepository.go:117.18,119.48 2 0
primerProjecto/internal/adapters/repositories/usuarioRepository.go:119.48,121.4 1 0
primerProjecto/internal/adapters/repositories/usuarioRepository.go:122.3,122.45 1 0
primerProjecto/internal/adapters/repositories/usuarioRepository.go:124.2,124.35 1 0
primerProjecto/internal/adapters/repositories/usuarioRepository.go:124.35,126.3 1 0
primerProjecto/internal/adapters/repositories/usuarioRepository.go:128.2,128.24 1 0
primerProjecto/internal/adapters/repositories/usuarioRepository.go:131.97,134.34 3 0
primerProjecto/internal/adapters/repositories/usuarioRepository.go:134.34,137.3 2 0
primerProjecto/internal/adapters/repositories/usuarioRepository.go:138.2,141.12 4 0
primerProjecto/internal/adapters/repositories/usuarioRepository.go:144.96,147.16 3 0
primerProjecto/internal/adapters/repositories/usuarioRepository.go:147.16,150.3 2 0
primerProjecto/internal/adapters/repositories/usuarioRepository.go:151.2,151.40 1 0
primerProjecto/internal/adapters/repositories/usuarioRepository.go:154.93,156.16 2 0
primerProjecto/internal/adapters/repositories/usuarioRepository.go:156.16,158.3 1 0
primerProjecto/internal/adapters/repositories/usuarioRepository.go:160.2,161.16 2 0
primerProjecto/internal/adapters/repositories/usuarioRepository.go:161.16,164.3 2 0
primerProjecto/internal/adapters/repositories/usuarioRepository.go:166.2,166.35 1 0
primerProjecto/internal/adapters/repositories/usuarioRepository.go:166.35,168.17 2 0
primerProjecto/internal/adapters/repositories/usuarioRepository.go:168.17,171.4 2 0
primerProjecto/internal/adapters/repositories/usuarioRepository.go:174.2,174.20 1 0
primerProjecto/internal/adapters/repositories/usuarioRepository.go:177.78,180.2 2 0
primerProjecto/internal/adapters/repositories/usuarioRepository.go:182.109,185.16 3 0
primerProjecto/internal/adapters/repositories/usuarioRepository.go:185.16,188.3 2 0
primerProjecto/internal/adapters/repositories/usuarioRepository.go:189.2,189.12 1 0
primerProjecto/internal/adapters/cotizadores/cotizadores.go:21.51,23.13 2 1
primerProjecto/internal/adapters/cotizadores/cotizadores.go:23.13,25.3 1 1
primerProjecto/internal/adapters/cotizadores/cotizadores.go:26.2,26.23 1 0
primerProjecto/internal/adapters/cotizadores/criptoYa_Cotizador.go:33.113,42.16 5 0
primerProjecto/internal/adapters/cotizadores/criptoYa_Cotizador.go:42.16,44.3 1 0
primerProjecto/internal/adapters/cotizadores/criptoYa_Cotizador.go:45.2,47.38 2 0
primerProjecto/internal/adapters/cotizadores/criptoYa_Cotizador.go:47.38,49.3 1 0
primerProjecto/internal/adapters/cotizadores/criptoYa_Cotizador.go:51.2,52.72 2 0
primerProjecto/internal/adapters/cotizadores/criptoYa_Cotizador.go:52.72,54.3 1 0
primerProjecto/internal/adapters/cotizadores/criptoYa_Cotizador.go:57.2,75.24 3 0
primerProjecto/internal/adapters/cotizadores/paprika_Cotizador.go:20.116,25.16 4 0
primerProjecto/internal/adapters/cotizadores/paprika_Cotizador.go:25.16,27.3 1 0
primerProjecto/internal/adapters/cotizadores/paprika_Cotizador.go:28.2,30.38 2 0
primerProjecto/internal/adapters/cotizadores/paprika_Cotizador.go:30.38,32.3 1 0
primerProjecto/internal/adapters/cotizadores/paprika_Cotizador.go:34.2,38.66 2 0
primerProjecto/internal/adapters/cotizadores/paprika_Cotizador.go:38.66,40.3 1 0
primerProjecto/internal/adapters/cotizadores/paprika_Cotizador.go:42.2,43.29 2 0
primerProjecto/internal/adapters/cotizadores/paprika_Cotizador.go:43.29,44.26 1 0
primerProjecto/internal/adapters/cotizadores/paprika_Cotizador.go:44.26,46.9 2 0
primerProjecto/internal/adapters/cotizadores/paprika_Cotizador.go:50.2,50.18 1 0
primerProjecto/internal/adapters/cotizadores/paprika_Cotizador.go:50.18,52.3 1 0
primerProjecto/internal/adapters/cotizadores/paprika_Cotizador.go:55.2,57.16 3 0
primerProjecto/internal/adapters/cotizadores/paprika_Cotizador.go:57.16,59.3 1 0
primerProjecto/internal/adapters/cotizadores/paprika_Cotizador.go:60.2,62.38 2 0
primerProjecto/internal/adapters/cotizadores/paprika_Cotizador.go:62.38,64.3 1 0
primerProjecto/internal/adapters/cotizadores/paprika_Cotizador.go:66.2,67.67 2 0
primerProjecto/internal/adapters/cotizadores/paprika_Cotizador.go:67.67,69.3 1 0
primerProjecto/internal/adapters/cotizadores/paprika_Cotizador.go:71.2,72.9 2 0
primerProjecto/internal/adapters/cotizadores/paprika_Cotizador.go:72.9,74.3 1 0
primerProjecto/internal/adapters/cotizadores/paprika_Cotizador.go:87.2,92.24 2 0
primerProjecto/internal/adapters/cotizadores/mock/cotizadores.go:31.63,35.2 3 1
primerProjecto/internal/adapters/cotizadores/mock/cotizadores.go:38.61,40.2 1 1
primerProjecto/internal/adapters/cotizadores/mock/cotizadores.go:43.109,49.2 5 1
primerProjecto/internal/adapters/cotizadores/mock/cotizadores.go:52.98,55.2 2 1
primerProjecto/internal/adapters/repositories/cotizacionesRepository.go:15.87,17.16 2 0
primerProjecto/internal/adapters/repositories/cotizacionesRepository.go:17.16,20.3 2 0
primerProjecto/internal/adapters/repositories/cotizacionesRepository.go:21.2,21.12 1 0
primerProjecto/internal/adapters/repositories/cotizacionesRepository.go:24.95,35.16 6 0
primerProjecto/internal/adapters/repositories/cotizacionesRepository.go:35.16,36.27 1 0
primerProjecto/internal/adapters/repositories/cotizacionesRepository.go:36.27,39.4 2 0
primerProjecto/internal/adapters/repositories/cotizacionesRepository.go:41.2,41.17 1 0
primerProjecto/internal/adapters/repositories/cotizacionesRepository.go:41.17,44.3 2 0
primerProjecto/internal/adapters/repositories/cotizacionesRepository.go:47.2,48.16 2 0
primerProjecto/internal/adapters/repositories/cotizacionesRepository.go:48.16,50.3 1 0
primerProjecto/internal/adapters/repositories/cotizacionesRepository.go:51.2,51.21 1 0
primerProjecto/internal/adapters/repositories/cotizacionesRepository.go:54.92,57.16 3 0
primerProjecto/internal/adapters/repositories/cotizacionesRepository.go:57.16,60.3 2 0
primerProjecto/internal/adapters/repositories/cotizacionesRepository.go:61.2,65.18 3 0
primerProjecto/internal/adapters/repositories/cotizacionesRepository.go:65.18,70.17 4 0
primerProjecto/internal/adapters/repositories/cotizacionesRepository.go:70.17,72.12 2 0
primerProjecto/internal/adapters/repositories/cotizacionesRepository.go:76.3,77.17 2 0
primerProjecto/internal/adapters/repositories/cotizacionesRepository.go:77.17,79.12 2 0
primerProjecto/internal/adapters/repositories/cotizacionesRepository.go:82.3,82.51 1 0
primerProjecto/internal/adapters/repositories/cotizacionesRepository.go:85.2,85.35 1 0
primerProjecto/internal/adapters/repositories/cotizacionesRepository.go:85.35,88.3 2 0
primerProjecto/internal/adapters/repositories/cotizacionesRepository.go:90.2,90.26 1 0
primerProjecto/internal/adapters/repositories/cotizacionesRepository.go:93.101,96.16 3 0
primerProjecto/internal/adapters/repositories/cotizacionesRepository.go:96.16,99.3 2 0
primerProjecto/internal/adapters/repositories/cotizacionesRepository.go:100.2,100.12 1 0
primerProjecto/internal/adapters/repositories/cotizacionesRepository.go:103.149,117.26 4 0
primerProjecto/internal/adapters/repositories/cotizacionesRepository.go:117.26,121.3 3 0
primerProjecto/internal/adapters/repositories/cotizacionesRepository.go:122.2,122.33 1 0
primerProjecto/internal/adapters/repositories/cotizacionesRepository.go:122.33,126.3 3 0
primerProjecto/internal/adapters/repositories/cotizacionesRepository.go:127.2,127.33 1 0
primerProjecto/internal/adapters/repositories/cotizacionesRepository.go:127.33,131.3 3 0
primerProjecto/internal/adapters/repositories/cotizacionesRepository.go:132.2,132.29 1 0
primerProjecto/internal/adapters/repositories/cotizacionesRepository.go:132.29,136.3 3 0
primerProjecto/internal/adapters/repositories/cotizacionesRepository.go:137.2,137.27 1 0
primerProjecto/internal/adapters/repositories/cotizacionesRepository.go:137.27,141.3 3 0
primerProjecto/internal/adapters/repositories/cotizacionesRepository.go:144.2,148.16 4 0
primerProjecto/internal/adapters/repositories/cotizacionesRepository.go:148.16,150.3 1 0
primerProjecto/internal/adapters/repositories/cotizacionesRepository.go:151.2,154.18 3 0
primerProjecto/internal/adapters/repositories/cotizacionesRepository.go:154.18,158.101 4 0
primerProjecto/internal/adapters/repositories/cotizacionesRepository.go:158.101,160.4 1 0
primerProjecto/internal/adapters/repositories/cotizacionesRepository.go:161.3,162.17 2 0
primerProjecto/internal/adapters/repositories/cotizacionesRepository.go:162.17,164.12 2 0
primerProjecto/internal/adapters/repositories/cotizacionesRepository.go:167.3,167.50 1 0
primerProjecto/internal/adapters/repositories/cotizacionesRepository.go:171.2,178.35 2 0
primerProjecto/internal/adapters/repositories/cotizacionesRepository.go:194.104,214.16 6 0
primerProjecto/internal/adapters/repositories/cotizacionesRepository.go:214.16,215.27 1 0
primerProjecto/internal/adapters/repositories/cotizacionesRepository.go:215.27,218.4 2 0
primerProjecto/internal/adapters/repositories/cotizacionesRepository.go:220.3,221.17 2 0
primerProjecto/internal/adapters/repositories/cotizacionesRepository.go:221.17,223.4 1 0
primerProjecto/internal/adapters/repositories/cotizacionesRepository.go:225.2,225.25 1 0
primerProjecto/internal/adapters/repositories/cotizacionesRepository.go:228.171,245.26 3 0
primerProjecto/internal/adapters/repositories/cotizacionesRepository.go:245.26,248.3 2 0
primerProjecto/internal/adapters/repositories/cotizacionesRepository.go:249.2,249.33 1 0
primerProjecto/internal/adapters/repositories/cotizacionesRepository.go:249.33,252.3 2 0
primerProjecto/internal/adapters/repositories/cotizacionesRepository.go:253.2,253.33 1 0
primerProjecto/internal/adapters/repositories/cotizacionesRepository.go:253.33,256.3 2 0
primerProjecto/internal/adapters/repositories/cotizacionesRepository.go:257.2,257.29 1 0
primerProjecto/internal/adapters/repositories/cotizacionesRepository.go:257.29,260.3 2 0
primerProjecto/internal/adapters/repositories/cotizacionesRepository.go:261.2,261.27 1 0
primerProjecto/internal/adapters/repositories/cotizacionesRepository.go:261.27,264.3 2 0
primerProjecto/internal/adapters/repositories/cotizacionesRepository.go:267.2,273.16 6 0
primerProjecto/internal/adapters/repositories/cotizacionesRepository.go:273.16,275.3 1 0
primerProjecto/internal/adapters/repositories/cotizacionesRepository.go:276.2,280.18 4 0
primerProjecto/internal/adapters/repositories/cotizacionesRepository.go:280.18,285.189 4 0
primerProjecto/internal/adapters/repositories/cotizacionesRepository.go:285.189,287.4 1 0
primerProjecto/internal/adapters/repositories/cotizacionesRepository.go:289.3,290.17 2 0
primerProjecto/internal/adapters/repositories/cotizacionesRepository.go:290.17,292.12 2 0
primerProjecto/internal/adapters/repositories/cotizacionesRepository.go:294.3,297.32 2 0
primerProjecto/internal/adapters/repositories/cotizacionesRepository.go:297.32,302.96 4 0
primerProjecto/internal/adapters/repositories/cotizacionesRepository.go:302.96,305.5 2 0
primerProjecto/internal/adapters/repositories/cotizacionesRepository.go:306.4,306.94 1 0
primerProjecto/internal/adapters/repositories/cotizacionesRepository.go:306.94,309.5 2 0
primerProjecto/internal/adapters/repositories/cotizacionesRepository.go:310.4,310.84 1 0
primerProjecto/internal/adapters/repositories/cotizacionesRepository.go:310.84,313.5 2 0
primerProjecto/internal/adapters/repositories/cotizacionesRepository.go:315.4,317.41 3 0
primerProjecto/internal/adapters/repositories/cotizacionesRepository.go:321.2,325.35 4 0
primerProjecto/internal/adapters/repositories/cotizacionesRepository.go:328.78,337.16 6 0
primerProjecto/internal/adapters/repositories/cotizacionesRepository.go:337.16,339.3 1 0
primerProjecto/internal/adapters/repositories/cotizacionesRepository.go:341.2,342.16 2 0
primerProjecto/internal/adapters/repositories/cotizacionesRepository.go:342.16,344.3 1 0
primerProjecto/internal/adapters/repositories/cotizacionesRepository.go:346.2,347.23 2 0
primerProjecto/internal/adapters/repositories/cotizacionesRepository.go:347.23,349.3 1 0
primerProjecto/internal/adapters/repositories/cotizacionesRepository.go:351.2,351.12 1 0
primerProjecto/internal/adapters/repositories/cotizacionesRepository.go:354.143,372.16 3 0
primerProjecto/internal/adapters/repositories/cotizacionesRepository.go:372.16,375.3 2 0
primerProjecto/internal/adapters/repositories/cotizacionesRepository.go:377.2,378.16 2 0
primerProjecto/internal/adapters/repositories/cotizacionesRepository.go:378.16,380.3 1 0
primerProjecto/internal/adapters/repositories/cotizacionesRepository.go:381.2,383.32 2 0
primerProjecto/internal/adapters/repositories/cotizacionesRepository.go:386.146,409.16 5 0
primerProjecto/internal/adapters/repositories/cotizacionesRepository.go:409.16,412.3 2 0
primerProjecto/internal/adapters/repositories/cotizacionesRepository.go:413.2,413.24 1 0
primerProjecto/internal/adapters/repositories/cotizacionesRepository.go:416.99,419.16 2 0
primerProjecto/internal/adapters/repositories/cotizacionesRepository.go:419.16,422.3 2 0
primerProjecto/internal/adapters/repositories/cotizacionesRepository.go:424.2,424.12 1 0
primerProjecto/internal/adapters/repositories/criptoMonedasRepository.go:16.66,18.2 1 0
primerProjecto/internal/adapters/repositories/criptoMonedasRepository.go:42.85,44.16 2 0
primerProjecto/internal/adapters/repositories/criptoMonedasRepository.go:44.16,47.3 2 0
primerProjecto/internal/adapters/repositories/criptoMonedasRepository.go:48.2,48.12 1 0
primerProjecto/internal/adapters/repositories/criptoMonedasRepository.go:51.93,57.16 5 0
primerProjecto/internal/adapters/repositories/criptoMonedasRepository.go:57.16,58.27 1 0
primerProjecto/internal/adapters/repositories/criptoMonedasRepository.go:58.27,61.4 2 0
primerProjecto/internal/adapters/repositories/criptoMonedasRepository.go:63.2,63.21 1 0
primerProjecto/internal/adapters/repositories/criptoMonedasRepository.go:66.89,70.16 4 0
primerProjecto/internal/adapters/repositories/criptoMonedasRepository.go:70.16,73.3 2 0
primerProjecto/internal/adapters/repositories/criptoMonedasRepository.go:74.2,78.18 3 0
primerProjecto/internal/adapters/repositories/criptoMonedasRepository.go:78.18,81.17 3 0
primerProjecto/internal/adapters/repositories/criptoMonedasRepository.go:81.17,83.12 2 0
primerProjecto/internal/adapters/repositories/criptoMonedasRepository.go:85.3,85.49 1 0
primerProjecto/internal/adapters/repositories/criptoMonedasRepository.go:87.2,87.35 1 0
primerProjecto/internal/adapters/repositories/criptoMonedasRepository.go:87.35,90.3 2 0
primerProjecto/internal/adapters/repositories/criptoMonedasRepository.go:92.2,92.27 1 0
primerProjecto/internal/adapters/repositories/criptoMonedasRepository.go:96.95,99.16 3 0
primerProjecto/internal/adapters/repositories/criptoMonedasRepository.go:99.16,102.3 2 0
primerProjecto/internal/adapters/repositories/criptoMonedasRepository.go:103.2,103.12 1 0
primerProjecto/internal/adapters/repositories/criptoMonedasRepository.go:106.100,110.16 4 0
primerProjecto/internal/adapters/repositories/criptoMonedasRepository.go:110.16,111.27 1 0
primerProjecto/internal/adapters/repositories/criptoMonedasRepository.go:111.27,113.4 1 0
primerProjecto/internal/adapters/repositories/criptoMonedasRepository.go:114.3,114.18 1 0
primerProjecto/internal/adapters/repositories/criptoMonedasRepository.go:116.2,116.21 1 0
primerProjecto/internal/adapters/repositories/criptoMonedasRepository.go:119.102,123.16 4 0
primerProjecto/internal/adapters/repositories/criptoMonedasRepository.go:123.16,124.27 1 0
primerProjecto/internal/adapters/repositories/criptoMonedasRepository.go:124.27,126.4 1 0
primerProjecto/internal/adapters/repositories/criptoMonedasRepository.go:127.3,127.18 1 0
primerProjecto/internal/adapters/repositories/criptoMonedasRepository.go:129.2,129.21 1 0
primerProjecto/internal/adapters/repositories/usuarioRepository.go:18.68,20.2 1 0
primerProjecto/internal/adapters/repositories/usuarioRepository.go:35.90,39.16 3 0
primerProjecto/internal/adapters/repositories/usuarioRepository.go:39.16,41.3 1 0
primerProjecto/internal/adapters/repositories/usuarioRepository.go:42.2,43.16 2 0
primerProjecto/internal/adapters/repositories/usuarioRepository.go:43.16,45.3 1 0
primerProjecto/internal/adapters/repositories/usuarioRepository.go:46.2,46.21 1 0
primerProjecto/internal/adapters/repositories/usuarioRepository.go:49.97,58.16 3 0
primerProjecto/internal/adapters/repositories/usuarioRepository.go:58.16,61.3 2 0
primerProjecto/internal/adapters/repositories/usuarioRepository.go:62.2,62.12 1 0
primerProjecto/internal/adapters/repositories/usuarioRepository.go:65.90,76.16 4 0
primerProjecto/internal/adapters/repositories/usuarioRepository.go:76.16,77.27 1 0
primerProjecto/internal/adapters/repositories/usuarioRepository.go:77.27,79.4 1 0
primerProjecto/internal/adapters/repositories/usuarioRepository.go:80.3,80.18 1 0
primerProjecto/internal/adapters/repositories/usuarioRepository.go:82.2,82.22 1 0
primerProjecto/internal/adapters/repositories/usuarioRepository.go:85.80,88.16 3 0
primerProjecto/internal/adapters/repositories/usuarioRepository.go:88.16,90.3 1 0
primerProjecto/internal/adapters/repositories/usuarioRepository.go:91.2,94.18 3 0
primerProjecto/internal/adapters/repositories/usuarioRepository.go:94.18,96.46 2 0
primerProjecto/internal/adapters/repositories/usuarioRepository.go:96.46,98.4 1 0
primerProjecto/internal/adapters/repositories/usuarioRepository.go:99.3,99.42 1 0
primerProjecto/internal/adapters/repositories/usuarioRepository.go:101.2,101.35 1 0
primerProjecto/internal/adapters/repositories/usuarioRepository.go:101.35,103.3 1 0
primerProjecto/internal/adapters/repositories/usuarioRepository.go:105.2,105.23 1 0
primerProjecto/internal/adapters/repositories/usuarioRepository.go:108.80,111.16 3 0
primerProjecto/internal/adapters/repositories/usuarioRepository.go:111.16,113.3 1 0
primerProjecto/internal/adapters/repositories/usuarioRepository.go:114.2,117.18 3 0
primerProjecto/internal/adapters/repositories/usuarioRepository.go:117.18,119.48 2 0
primerProjecto/internal/adapters/repositories/usuarioRepository.go:119.48,121.4 1 0
primerProjecto/internal/adapters/repositories/usuarioRepository.go:122.3,122.45 1 0
primerProjecto/internal/adapters/repositories/usuarioRepository.go:124.2,124.35 1 0
primerProjecto/internal/adapters/repositories/usuarioRepository.go:124.35,126.3 1 0
primerProjecto/internal/adapters/repositories/usuarioRepository.go:128.2,128.24 1 0
primerProjecto/internal/adapters/repositories/usuarioRepository.go:131.97,134.34 3 0
primerProjecto/internal/adapters/repositories/usuarioRepository.go:134.34,137.3 2 0
primerProjecto/internal/adapters/repositories/usuarioRepository.go:138.2,141.12 4 0
primerProjecto/internal/adapters/repositories/usuarioRepository.go:144.96,147.16 3 0
primerProjecto/internal/adapters/repositories/usuarioRepository.go:147.16,150.3 2 0
primerProjecto/internal/adapters/repositories/usuarioRepository.go:151.2,151.40 1 0
primerProjecto/internal/adapters/repositories/usuarioRepository.go:154.93,156.16 2 0
primerProjecto/internal/adapters/repositories/usuarioRepository.go:156.16,158.3 1 0
primerProjecto/internal/adapters/repositories/usuarioRepository.go:160.2,161.16 2 0
primerProjecto/internal/adapters/repositories/usuarioRepository.go:161.16,164.3 2 0
primerProjecto/internal/adapters/repositories/usuarioRepository.go:166.2,166.35 1 0
primerProjecto/internal/adapters/repositories/usuarioRepository.go:166.35,168.17 2 0
primerProjecto/internal/adapters/repositories/usuarioRepository.go:168.17,171.4 2 0
primerProjecto/internal/adapters/repositories/usuarioRepository.go:174.2,174.20 1 0
primerProjecto/internal/adapters/repositories/usuarioRepository.go:177.78,180.2 2 0
primerProjecto/internal/adapters/repositories/usuarioRepository.go:182.109,185.16 3 0
primerProjecto/internal/adapters/repositories/usuarioRepository.go:185.16,188.3 2 0
primerProjecto/internal/adapters/repositories/usuarioRepository.go:189.2,189.12 1 0
primerProjecto/internal/adapters/repositories/mock/criptoMonedasRepository.go:31.77,35.2 3 1
primerProjecto/internal/adapters/repositories/mock/criptoMonedasRepository.go:38.75,40.2 1 1
primerProjecto/internal/adapters/repositories/mock/criptoMonedasRepository.go:43.145,49.2 5 0
primerProjecto/internal/adapters/repositories/mock/criptoMonedasRepository.go:52.112,55.2 2 0
primerProjecto/internal/adapters/repositories/mock/criptoMonedasRepository.go:58.67,63.2 4 0
primerProjecto/internal/adapters/repositories/mock/criptoMonedasRepository.go:66.87,69.2 2 0
primerProjecto/internal/adapters/repositories/mock/criptoMonedasRepository.go:72.98,77.2 4 0
primerProjecto/internal/adapters/repositories/mock/criptoMonedasRepository.go:80.97,83.2 2 0
primerProjecto/internal/adapters/repositories/mock/criptoMonedasRepository.go:86.148,93.2 6 0
primerProjecto/internal/adapters/repositories/mock/criptoMonedasRepository.go:96.86,99.2 2 0
primerProjecto/internal/adapters/repositories/mock/criptoMonedasRepository.go:102.170,109.2 6 0
primerProjecto/internal/adapters/repositories/mock/criptoMonedasRepository.go:112.104,115.2 2 0
primerProjecto/internal/adapters/repositories/mock/criptoMonedasRepository.go:118.91,124.2 5 0
primerProjecto/internal/adapters/repositories/mock/criptoMonedasRepository.go:127.80,130.2 2 0
primerProjecto/internal/adapters/repositories/mock/criptoMonedasRepository.go:133.88,139.2 5 0
primerProjecto/internal/adapters/repositories/mock/criptoMonedasRepository.go:142.75,145.2 2 0
primerProjecto/internal/adapters/repositories/mock/criptoMonedasRepository.go:148.94,154.2 5 0
primerProjecto/internal/adapters/repositories/mock/criptoMonedasRepository.go:157.85,160.2 2 0
primerProjecto/internal/adapters/repositories/mock/criptoMonedasRepository.go:163.92,169.2 5 0
primerProjecto/internal/adapters/repositories/mock/criptoMonedasRepository.go:172.81,175.2 2 0
primerProjecto/internal/adapters/repositories/mock/criptoMonedasRepository.go:178.101,184.2 5 0
primerProjecto/internal/adapters/repositories/mock/criptoMonedasRepository.go:187.87,190.2 2 0
primerProjecto/internal/adapters/repositories/mock/criptoMonedasRepository.go:193.99,199.2 5 1
primerProjecto/internal/adapters/repositories/mock/criptoMonedasRepository.go:202.85,205.2 2 1
primerProjecto/internal/adapters/repositories/mock/criptoMonedasRepository.go:208.103,214.2 5 0
primerProjecto/internal/adapters/repositories/mock/criptoMonedasRepository.go:217.91,220.2 2 0
primerProjecto/internal/adapters/repositories/mock/criptoMonedasRepository.go:223.142,229.2 5 0
primerProjecto/internal/adapters/repositories/mock/criptoMonedasRepository.go:232.109,235.2 2 0
primerProjecto/internal/adapters/repositories/mock/criptoMonedasRepository.go:238.86,243.2 4 1
primerProjecto/internal/adapters/repositories/mock/criptoMonedasRepository.go:246.85,249.2 2 1
primerProjecto/internal/adapters/repositories/mock/criptoMonedasRepository.go:252.84,257.2 4 0
primerProjecto/internal/adapters/repositories/mock/criptoMonedasRepository.go:260.81,263.2 2 0
primerProjecto/internal/adapters/repositories/mock/criptoMonedasRepository.go:266.100,271.2 4 0
primerProjecto/internal/adapters/repositories/mock/criptoMonedasRepository.go:274.95,277.2 2 0
primerProjecto/internal/adapters/repositories/mock/criptoMonedasRepository.go:280.94,285.2 4 0
primerProjecto/internal/adapters/repositories/mock/criptoMonedasRepository.go:288.87,291.2 2 0
primerProjecto/internal/adapters/repositories/mock/usuarioRepository.go:31.79,35.2 3 0
primerProjecto/internal/adapters/repositories/mock/usuarioRepository.go:38.77,40.2 1 0
primerProjecto/internal/adapters/repositories/mock/usuarioRepository.go:43.95,49.2 5 0
primerProjecto/internal/adapters/repositories/mock/usuarioRepository.go:52.106,55.2 2 0
primerProjecto/internal/adapters/repositories/mock/usuarioRepository.go:58.77,63.2 4 0
primerProjecto/internal/adapters/repositories/mock/usuarioRepository.go:66.97,69.2 2 0
primerProjecto/internal/adapters/repositories/mock/usuarioRepository.go:72.79,78.2 5 0
primerProjecto/internal/adapters/repositories/mock/usuarioRepository.go:81.90,84.2 2 0
primerProjecto/internal/adapters/repositories/mock/usuarioRepository.go:87.89,93.2 5 0
primerProjecto/internal/adapters/repositories/mock/usuarioRepository.go:96.83,99.2 2 0
primerProjecto/internal/adapters/repositories/mock/usuarioRepository.go:102.79,108.2 5 0
primerProjecto/internal/adapters/repositories/mock/usuarioRepository.go:111.90,114.2 2 0
primerProjecto/internal/adapters/repositories/mock/usuarioRepository.go:117.88,122.2 4 0
primerProjecto/internal/adapters/repositories/mock/usuarioRepository.go:125.93,128.2 2 0
primerProjecto/internal/adapters/repositories/mock/usuarioRepository.go:131.108,136.2 4 0
primerProjecto/internal/adapters/repositories/mock/usuarioRepository.go:139.121,142.2 2 0
primerProjecto/internal/adapters/repositories/mock/usuarioRepository.go:145.89,151.2 5 0
primerProjecto/internal/adapters/repositories/mock/usuarioRepository.go:154.84,157.2 2 0
primerProjecto/internal/adapters/repositories/mock/usuarioRepository.go:160.92,165.2 4 0
primerProjecto/internal/adapters/repositories/mock/usuarioRepository.go:168.106,171.2 2 0
primerProjecto/internal/adapters/repositories/mock/usuarioRepository.go:174.96,179.2 4 0
primerProjecto/internal/adapters/repositories/mock/usuarioRepository.go:182.94,185.2 2 0
primerProjecto/internal/services/Auth_service.go:10.39,11.30 1 0
primerProjecto/internal/services/Auth_service.go:11.30,13.18 2 0
primerProjecto/internal/services/Auth_service.go:13.18,17.4 3 0
primerProjecto/internal/services/Auth_service.go:20.3,20.78 1 0
primerProjecto/internal/services/Auth_service.go:20.78,24.4 3 0
primerProjecto/internal/services/Auth_service.go:27.3,27.11 1 0
primerProjecto/internal/services/cotizaciones_service.go:9.79,11.2 1 1
primerProjecto/internal/services/cotizaciones_service.go:14.89,16.2 1 0
primerProjecto/internal/services/cotizaciones_service.go:18.96,20.2 1 0
primerProjecto/internal/services/cotizaciones_service.go:23.72,25.2 1 0
primerProjecto/internal/services/cotizaciones_service.go:27.141,29.2 1 0
primerProjecto/internal/services/cotizaciones_service.go:31.160,33.2 1 0
primerProjecto/internal/services/cotizaciones_service.go:36.82,38.16 2 1
primerProjecto/internal/services/cotizaciones_service.go:38.16,40.3 1 1
primerProjecto/internal/services/cotizaciones_service.go:42.2,43.16 2 1
primerProjecto/internal/services/cotizaciones_service.go:43.16,45.3 1 1
primerProjecto/internal/services/cotizaciones_service.go:46.2,46.19 1 1
primerProjecto/internal/services/cotizaciones_service.go:46.19,48.3 1 1
primerProjecto/internal/services/cotizaciones_service.go:50.2,52.12 3 1
primerProjecto/internal/services/cotizaciones_service.go:55.99,57.16 2 1
primerProjecto/internal/services/cotizaciones_service.go:57.16,59.3 1 1
primerProjecto/internal/services/cotizaciones_service.go:60.2,61.16 2 1
primerProjecto/internal/services/cotizaciones_service.go:61.16,63.3 1 1
primerProjecto/internal/services/cotizaciones_service.go:64.2,64.25 1 1
primerProjecto/internal/services/cotizaciones_service.go:64.25,66.3 1 1
primerProjecto/internal/services/cotizaciones_service.go:67.2,67.87 1 1
primerProjecto/internal/services/cripto_service.go:16.137,18.2 1 1
primerProjecto/internal/services/cripto_service.go:34.85,36.2 1 0
primerProjecto/internal/services/cripto_service.go:39.77,41.2 1 0
primerProjecto/internal/services/cripto_service.go:44.87,46.2 1 0
primerProjecto/internal/services/cripto_service.go:48.96,50.2 1 0
primerProjecto/internal/services/cripto_service.go:53.75,57.16 2 0
primerProjecto/internal/services/cripto_service.go:57.16,59.3 1 0
primerProjecto/internal/services/cripto_service.go:61.2,61.19 1 0
primerProjecto/internal/services/cripto_service.go:61.19,63.3 1 0
primerProjecto/internal/services/cripto_service.go:65.2,66.51 2 0
primerProjecto/internal/services/cripto_service.go:66.51,68.3 1 0
primerProjecto/internal/services/cripto_service.go:71.2,72.18 2 0
primerProjecto/internal/services/cripto_service.go:72.18,75.3 1 0
primerProjecto/internal/services/cripto_service.go:76.2,78.12 3 0
primerProjecto/internal/services/usuario_service.go:25.126,28.2 2 0
primerProjecto/internal/services/usuario_service.go:30.104,32.16 2 0
primerProjecto/internal/services/usuario_service.go:32.16,34.3 1 0
primerProjecto/internal/services/usuario_service.go:36.2,36.48 1 0
primerProjecto/internal/services/usuario_service.go:36.48,38.17 2 0
primerProjecto/internal/services/usuario_service.go:38.17,40.4 1 0
primerProjecto/internal/services/usuario_service.go:41.3,42.17 2 0
primerProjecto/internal/services/usuario_service.go:42.17,44.4 1 0
primerProjecto/internal/services/usuario_service.go:46.2,46.12 1 0
primerProjecto/internal/services/usuario_service.go:49.89,51.2 1 0
primerProjecto/internal/services/usuario_service.go:53.82,55.2 1 0
primerProjecto/internal/services/usuario_service.go:57.72,59.2 1 0
primerProjecto/internal/services/usuario_service.go:61.72,63.2 1 0
primerProjecto/internal/services/usuario_service.go:65.129,66.64 1 0
primerProjecto/internal/services/usuario_service.go:66.64,68.3 1 0
primerProjecto/internal/services/usuario_service.go:70.2,70.68 1 0
primerProjecto/internal/services/usuario_service.go:70.68,72.3 1 0
primerProjecto/internal/services/usuario_service.go:73.2,74.33 2 0
primerProjecto/internal/services/usuario_service.go:74.33,76.17 2 0
primerProjecto/internal/services/usuario_service.go:76.17,78.4 1 0
primerProjecto/internal/services/usuario_service.go:79.3,79.31 1 0
primerProjecto/internal/services/usuario_service.go:82.2,82.21 1 0
primerProjecto/internal/services/usuario_service.go:82.21,83.66 1 0
primerProjecto/internal/services/usuario_service.go:83.66,85.4 1 0
primerProjecto/internal/services/usuario_service.go:86.8,86.29 1 0
primerProjecto/internal/services/usuario_service.go:86.29,87.71 1 0
primerProjecto/internal/services/usuario_service.go:87.71,89.4 1 0
primerProjecto/internal/services/usuario_service.go:92.2,92.12 1 0
primerProjecto/internal/services/usuario_service.go:95.81,97.33 2 0
primerProjecto/internal/services/usuario_service.go:97.33,99.17 2 0
primerProjecto/internal/services/usuario_service.go:99.17,101.4 1 0
primerProjecto/internal/services/usuario_service.go:102.3,102.31 1 0
primerProjecto/internal/services/usuario_service.go:104.2,104.70 1 0
primerProjecto/internal/services/usuario_service.go:104.70,106.3 1 0
primerProjecto/internal/services/usuario_service.go:107.2,107.12 1 0
primerProjecto/internal/services/usuario_service.go:110.90,114.16 2 0
primerProjecto/internal/services/usuario_service.go:114.16,116.3 1 0
primerProjecto/internal/services/usuario_service.go:118.2,118.19 1 0
primerProjecto/internal/services/usuario_service.go:118.19,120.17 2 0
primerProjecto/internal/services/usuario_service.go:120.17,122.4 1 0
primerProjecto/internal/services/usuario_service.go:123.3,123.13 1 0
primerProjecto/internal/services/usuario_service.go:126.2,127.57 2 0
primerProjecto/internal/services/usuario_service.go:127.57,129.3 1 0
primerProjecto/internal/services/usuario_service.go:130.2,131.16 2 0
primerProjecto/internal/services/usuario_service.go:131.16,133.3 1 0
primerProjecto/internal/services/usuario_service.go:134.2,134.12 1 0
primerProjecto/internal/services/usuario_service.go:137.136,139.16 2 0
primerProjecto/internal/services/usuario_service.go:139.16,141.3 1 0
primerProjecto/internal/services/usuario_service.go:142.2,143.30 2 0
primerProjecto/internal/services/usuario_service.go:146.139,148.16 2 0
primerProjecto/internal/services/usuario_service.go:148.16,150.3 1 0
primerProjecto/internal/services/usuario_service.go:151.2,152.35 2 0
primerProjecto/internal/services/usuario_service.go:155.102,157.16 2 0
primerProjecto/internal/services/usuario_service.go:157.16,159.3 1 0
primerProjecto/internal/services/usuario_service.go:161.2,161.24 1 0
primerProjecto/internal/services/usuario_service.go:161.24,163.3 1 0
primerProjecto/internal/services/usuario_service.go:165.2,167.24 2 0
